<?xml version="1.0" encoding="UTF-8"?>
<!-- Generated by org.testng.reporters.JUnitXMLReporter -->
<testsuite ignored="2" hostname="DESKTOP-VT4BND7" failures="0" tests="7" name="Test" time="9.245" errors="0" timestamp="2022-06-21T16:12:41 IST">
  <testcase classname="com.test.testcases.Signinpagetest" name="@BeforeTest setup" time="8.101">
    <failure type="org.openqa.selenium.WebDriverException" message="unknown error: cannot determine loading status
from disconnected: received Inspector.detached event
  (Session info: chrome=102.0.5005.115)
Build info: version: &amp;apos;3.6.0&amp;apos;, revision: &amp;apos;6fbf3ec767&amp;apos;, time: &amp;apos;2017-09-27T15:28:36.4Z&amp;apos;
System info: host: &amp;apos;DESKTOP-VT4BND7&amp;apos;, ip: &amp;apos;192.168.42.12&amp;apos;, os.name: &amp;apos;Windows 10&amp;apos;, os.arch: &amp;apos;amd64&amp;apos;, os.version: &amp;apos;10.0&amp;apos;, java.version: &amp;apos;17.0.2&amp;apos;
Driver info: org.openqa.selenium.chrome.ChromeDriver
Capabilities [{networkConnectionEnabled=false, chrome={chromedriverVersion=102.0.5005.61 (0e59bcc00cc4985ce39ad31c150065f159d95ad3-refs/branch-heads/5005@{#819}), userDataDir=C:\Users\Hi\AppData\Local\Temp\scoped_dir9652_1293275462}, timeouts={implicit=0, pageLoad=300000, script=30000}, pageLoadStrategy=normal, unhandledPromptBehavior=dismiss and notify, strictFileInteractability=false, platform=WINDOWS, proxy=Proxy(), goog:chromeOptions={debuggerAddress=localhost:56841}, webauthn:extension:credBlob=true, acceptInsecureCerts=false, browserVersion=102.0.5005.115, browserName=chrome, javascriptEnabled=true, platformName=WINDOWS, setWindowRect=true, webauthn:extension:largeBlob=true, webauthn:virtualAuthenticators=true}]
Session ID: 1f480d936d9d26135e04c7b2dd52ebc7">
      <![CDATA[org.openqa.selenium.WebDriverException: unknown error: cannot determine loading status
from disconnected: received Inspector.detached event
  (Session info: chrome=102.0.5005.115)
Build info: version: '3.6.0', revision: '6fbf3ec767', time: '2017-09-27T15:28:36.4Z'
System info: host: 'DESKTOP-VT4BND7', ip: '192.168.42.12', os.name: 'Windows 10', os.arch: 'amd64', os.version: '10.0', java.version: '17.0.2'
Driver info: org.openqa.selenium.chrome.ChromeDriver
Capabilities [{networkConnectionEnabled=false, chrome={chromedriverVersion=102.0.5005.61 (0e59bcc00cc4985ce39ad31c150065f159d95ad3-refs/branch-heads/5005@{#819}), userDataDir=C:\Users\Hi\AppData\Local\Temp\scoped_dir9652_1293275462}, timeouts={implicit=0, pageLoad=300000, script=30000}, pageLoadStrategy=normal, unhandledPromptBehavior=dismiss and notify, strictFileInteractability=false, platform=WINDOWS, proxy=Proxy(), goog:chromeOptions={debuggerAddress=localhost:56841}, webauthn:extension:credBlob=true, acceptInsecureCerts=false, browserVersion=102.0.5005.115, browserName=chrome, javascriptEnabled=true, platformName=WINDOWS, setWindowRect=true, webauthn:extension:largeBlob=true, webauthn:virtualAuthenticators=true}]
Session ID: 1f480d936d9d26135e04c7b2dd52ebc7
at org.openqa.selenium.remote.http.W3CHttpResponseCodec.createException(W3CHttpResponseCodec.java:185)
at org.openqa.selenium.remote.http.W3CHttpResponseCodec.decode(W3CHttpResponseCodec.java:120)
at org.openqa.selenium.remote.http.W3CHttpResponseCodec.decode(W3CHttpResponseCodec.java:49)
at org.openqa.selenium.remote.HttpCommandExecutor.execute(HttpCommandExecutor.java:164)
at org.openqa.selenium.remote.service.DriverCommandExecutor.execute(DriverCommandExecutor.java:83)
at org.openqa.selenium.remote.RemoteWebDriver.execute(RemoteWebDriver.java:586)
at org.openqa.selenium.remote.RemoteWebDriver.get(RemoteWebDriver.java:310)
at com.test.base.Base.intialize_driver(Base.java:84)
at com.test.testcases.Signinpagetest.setup(Signinpagetest.java:31)
... Removed 29 stack frames]]>
    </failure>
  </testcase> <!-- @BeforeTest setup -->
  <testcase classname="com.test.testcases.Indexpagetest" name="@AfterTest tearDown" time="-1.655808161543E9">
    <skipped/>
  </testcase> <!-- @AfterTest tearDown -->
  <testcase classname="com.test.testcases.Signinpagetest" name="@AfterTest tearDown" time="-1.655808161557E9">
    <skipped/>
  </testcase> <!-- @AfterTest tearDown -->
  <testcase classname="com.test.testcases.Indexpagetest" name="signinlink" time="0.0">
    <skipped/>
  </testcase> <!-- signinlink -->
  <testcase classname="com.test.testcases.Indexpagetest" name="verifylogo" time="0.0">
    <skipped/>
  </testcase> <!-- verifylogo -->
  <testcase classname="com.test.testcases.Indexpagetest" name="verifyurl" time="0.0">
    <skipped/>
  </testcase> <!-- verifyurl -->
  <testcase classname="com.test.testcases.Signinpagetest" name="signin" time="0.0">
    <skipped/>
  </testcase> <!-- signin -->
  <testcase classname="com.test.testcases.Signinpagetest" name="signin" time="0.0">
    <skipped/>
  </testcase> <!-- signin -->
  <testcase classname="com.test.testcases.MyAccounttestpage" name="search" time="0.0">
    <skipped/>
  </testcase> <!-- search -->
  <testcase classname="com.test.testcases.Orderpagetest" name="order" time="0.0">
    <skipped/>
  </testcase> <!-- order -->
  <testcase classname="com.test.base.Base" name="@BeforeTest intialize_properties" time="0.0">
    <ignored/>
  </testcase> <!-- @BeforeTest intialize_properties -->
  <testcase classname="com.test.base.Base" name="@BeforeTest intialize_properties" time="0.0">
    <ignored/>
  </testcase> <!-- @BeforeTest intialize_properties -->
</testsuite> <!-- Test -->
